Using pre-set license
Built from '2020.3/staging' branch; Version is '2020.3.13f1 (71691879b7f5) revision 7432472'; Using compiler version '192528614'; Build Type 'Release'
OS: 'Windows 10 Pro; OS build 19042.1110; Version 2009; 64bit' Language: 'ja' Physical Memory: 16246 MB
BatchMode: 1, IsHumanControllingUs: 0, StartBugReporterOnCrash: 0, Is64bit: 1, IsPro: 0

 COMMAND LINE ARGUMENTS:
C:\Unity\2020.3.13f1\Editor\Unity.exe
-adb2
-batchMode
-noUpm
-name
AssetImportWorker0
-projectPath
C:/Users/deskt/OneDrive/ドキュメント/GitHub/ScreenTransition/ブロック崩し
-logFile
Logs/AssetImportWorker0.log
-srvPort
56263
Successfully changed project path to: C:/Users/deskt/OneDrive/ドキュメント/GitHub/ScreenTransition/ブロック崩し
C:/Users/deskt/OneDrive/ドキュメント/GitHub/ScreenTransition/ブロック崩し
Using Asset Import Pipeline V2.
Refreshing native plugins compatible for Editor in 23.70 ms, found 2 plugins.
Preloading 0 native plugins for Editor in 0.00 ms.
Initialize engine version: 2020.3.13f1 (71691879b7f5)
[Subsystems] Discovering subsystems at path C:/Unity/2020.3.13f1/Editor/Data/Resources/UnitySubsystems
[Subsystems] Discovering subsystems at path C:/Users/deskt/OneDrive/ドキュメント/GitHub/ScreenTransition/ブロック崩し/Assets
GfxDevice: creating device client; threaded=0
Direct3D:
    Version:  Direct3D 11.0 [level 11.1]
    Renderer: NVIDIA GeForce GTX 1660 SUPER (ID=0x21c4)
    Vendor:   
    VRAM:     5992 MB
    Driver:   27.21.14.6230
Initialize mono
Mono path[0] = 'C:/Unity/2020.3.13f1/Editor/Data/Managed'
Mono path[1] = 'C:/Unity/2020.3.13f1/Editor/Data/MonoBleedingEdge/lib/mono/unityjit'
Mono config path = 'C:/Unity/2020.3.13f1/Editor/Data/MonoBleedingEdge/etc'
Using monoOptions --debugger-agent=transport=dt_socket,embedding=1,server=y,suspend=n,address=127.0.0.1:56320
Begin MonoManager ReloadAssembly
Registering precompiled unity dll's ...
Register platform support module: C:/Unity/2020.3.13f1/Editor/Data/PlaybackEngines/WindowsStandaloneSupport/UnityEditor.WindowsStandalone.Extensions.dll
Registered in 0.002259 seconds.
Native extension for WindowsStandalone target not found
Refreshing native plugins compatible for Editor in 22.58 ms, found 2 plugins.
Preloading 0 native plugins for Editor in 0.00 ms.
Mono: successfully reloaded assembly
- Completed reload, in  1.021 seconds
Platform modules already initialized, skipping
Registering precompiled user dll's ...
Registered in 0.005399 seconds.
Begin MonoManager ReloadAssembly
Native extension for WindowsStandalone target not found
Refreshing native plugins compatible for Editor in 0.27 ms, found 2 plugins.
Preloading 0 native plugins for Editor in 0.00 ms.
Mono: successfully reloaded assembly
- Completed reload, in  0.816 seconds
Platform modules already initialized, skipping
========================================================================
Worker process is ready to serve import requests
Launched and connected shader compiler UnityShaderCompiler.exe after 0.03 seconds
Refreshing native plugins compatible for Editor in 0.25 ms, found 2 plugins.
Preloading 0 native plugins for Editor in 0.00 ms.
Unloading 1396 Unused Serialized files (Serialized files now loaded: 0)
System memory in use before: 69.1 MB.
System memory in use after: 69.1 MB.

Unloading 19 unused Assets to reduce memory usage. Loaded Objects now: 1831.
Total: 1.608200 ms (FindLiveObjects: 0.152400 ms CreateObjectMapping: 0.059400 ms MarkObjects: 1.329100 ms  DeleteObjects: 0.066500 ms)

AssetImportParameters requested are different than current active one (requested -> active):
  custom:framework-win-MediaFoundation: 216162199b28c13a410421893ffa2e32 -> 
  custom:video-decoder-ogg-theora: a1e56fd34408186e4bbccfd4996cb3dc -> 
  custom:container-muxer-webm: aa71ff27fc2769a1b78a27578f13a17b -> 
  custom:container-demuxer-webm: 4f35f7cbe854078d1ac9338744f61a02 -> 
  custom:container-demuxer-ogg: 62fdf1f143b41e24485cea50d1cbac27 -> 
  custom:video-encoder-webm-vp8: eb34c28f22e8b96e1ab97ce403110664 -> 
  custom:video-codec-MediaFoundation-h265: 746d11721c4dcdbdad8f713fa42b33f4 -> 
  custom:video-decoder-webm-vp8: 9c59270c3fd7afecdb556c50c9e8de78 -> 
  custom:audio-decoder-ogg-vorbis: bf7c407c2cedff20999df2af8eb42d56 -> 
  custom:audio-encoder-webm-vorbis: bf7c407c2cedff20999df2af8eb42d56 -> 
========================================================================
Received Import Request.
  path: Assets/Materials/BallShader.shader
  artifactKey: Guid(abadb03f7c6b53a46961af079163adbc) Importer(815301076,1909f56bfc062723c751e8b465ee728b)
Start importing Assets/Materials/BallShader.shader using Guid(abadb03f7c6b53a46961af079163adbc) Importer(815301076,1909f56bfc062723c751e8b465ee728b)  -> (artifact id: 'b7a3d88020c5b7f21ebe138c5e47916d') in 0.021633 seconds 
  Import took 0.024945 seconds .

========================================================================
Received Import Request.
  Time since last request: 292.495262 seconds.
  path: Assets/Materials/BallShader.shader
  artifactKey: Guid(abadb03f7c6b53a46961af079163adbc) Importer(815301076,1909f56bfc062723c751e8b465ee728b)
Start importing Assets/Materials/BallShader.shader using Guid(abadb03f7c6b53a46961af079163adbc) Importer(815301076,1909f56bfc062723c751e8b465ee728b)  -> (artifact id: '8575d60eb02624c6a0fa0e829166e758') in 0.002476 seconds 
  Import took 0.005986 seconds .

========================================================================
Received Import Request.
  Time since last request: 0.003064 seconds.
  path: Assets/Materials/BallShader.shader
  artifactKey: Guid(abadb03f7c6b53a46961af079163adbc) Importer(815301076,1909f56bfc062723c751e8b465ee728b)
Start importing Assets/Materials/BallShader.shader using Guid(abadb03f7c6b53a46961af079163adbc) Importer(815301076,1909f56bfc062723c751e8b465ee728b)  -> (artifact id: '8575d60eb02624c6a0fa0e829166e758') in 0.002329 seconds 
  Import took 0.005549 seconds .

========================================================================
Received Prepare
Registering precompiled user dll's ...
Registered in 0.006102 seconds.
Begin MonoManager ReloadAssembly
Native extension for WindowsStandalone target not found
Refreshing native plugins compatible for Editor in 0.27 ms, found 2 plugins.
Preloading 0 native plugins for Editor in 0.00 ms.
Mono: successfully reloaded assembly
- Completed reload, in  0.814 seconds
Platform modules already initialized, skipping
Refreshing native plugins compatible for Editor in 0.40 ms, found 2 plugins.
Preloading 0 native plugins for Editor in 0.00 ms.
Unloading 1390 Unused Serialized files (Serialized files now loaded: 0)
System memory in use before: 68.9 MB.
System memory in use after: 69.0 MB.

Unloading 14 unused Assets to reduce memory usage. Loaded Objects now: 1834.
Total: 1.646000 ms (FindLiveObjects: 0.155100 ms CreateObjectMapping: 0.054700 ms MarkObjects: 1.387400 ms  DeleteObjects: 0.047800 ms)

AssetImportParameters requested are different than current active one (requested -> active):
  custom:framework-win-MediaFoundation: 216162199b28c13a410421893ffa2e32 -> 
  custom:video-decoder-ogg-theora: a1e56fd34408186e4bbccfd4996cb3dc -> 
  custom:container-muxer-webm: aa71ff27fc2769a1b78a27578f13a17b -> 
  custom:container-demuxer-webm: 4f35f7cbe854078d1ac9338744f61a02 -> 
  custom:container-demuxer-ogg: 62fdf1f143b41e24485cea50d1cbac27 -> 
  custom:video-encoder-webm-vp8: eb34c28f22e8b96e1ab97ce403110664 -> 
  custom:video-codec-MediaFoundation-h265: 746d11721c4dcdbdad8f713fa42b33f4 -> 
  custom:video-decoder-webm-vp8: 9c59270c3fd7afecdb556c50c9e8de78 -> 
  custom:audio-decoder-ogg-vorbis: bf7c407c2cedff20999df2af8eb42d56 -> 
  custom:audio-encoder-webm-vorbis: bf7c407c2cedff20999df2af8eb42d56 -> 
========================================================================
Received Import Request.
  Time since last request: 58.182538 seconds.
  path: Assets/Materials/BallMat.mat
  artifactKey: Guid(b12173488b91dbc45923a87ca08f0639) Importer(815301076,1909f56bfc062723c751e8b465ee728b)
Start importing Assets/Materials/BallMat.mat using Guid(b12173488b91dbc45923a87ca08f0639) Importer(815301076,1909f56bfc062723c751e8b465ee728b)  -> (artifact id: '3cd939a3b659a5d3bc0af7dbd18e0380') in 0.071025 seconds 
  Import took 0.074395 seconds .

========================================================================
Received Import Request.
  Time since last request: 116.051846 seconds.
  path: Assets/Prefabs/Ball.prefab
  artifactKey: Guid(7c3ac7ce1eaebbc408374a2954358acb) Importer(815301076,1909f56bfc062723c751e8b465ee728b)
Start importing Assets/Prefabs/Ball.prefab using Guid(7c3ac7ce1eaebbc408374a2954358acb) Importer(815301076,1909f56bfc062723c751e8b465ee728b)  -> (artifact id: '862640525eb2ff806b7fd79d21fd8526') in 0.018467 seconds 
  Import took 0.022097 seconds .

========================================================================
Received Import Request.
  Time since last request: 280.189871 seconds.
  path: Assets/Prefabs/Ball.prefab
  artifactKey: Guid(7c3ac7ce1eaebbc408374a2954358acb) Importer(815301076,1909f56bfc062723c751e8b465ee728b)
Start importing Assets/Prefabs/Ball.prefab using Guid(7c3ac7ce1eaebbc408374a2954358acb) Importer(815301076,1909f56bfc062723c751e8b465ee728b)  -> (artifact id: 'e3fca59958ebe4a749305c5282feaa6f') in 0.007914 seconds 
  Import took 0.011308 seconds .

========================================================================
Received Import Request.
  Time since last request: 0.014664 seconds.
  path: Assets/Prefabs/Ball.prefab
  artifactKey: Guid(7c3ac7ce1eaebbc408374a2954358acb) Importer(815301076,1909f56bfc062723c751e8b465ee728b)
Start importing Assets/Prefabs/Ball.prefab using Guid(7c3ac7ce1eaebbc408374a2954358acb) Importer(815301076,1909f56bfc062723c751e8b465ee728b)  -> (artifact id: 'e3fca59958ebe4a749305c5282feaa6f') in 0.006531 seconds 
  Import took 0.009847 seconds .

========================================================================
Received Prepare
Registering precompiled user dll's ...
Registered in 0.004832 seconds.
Begin MonoManager ReloadAssembly
Native extension for WindowsStandalone target not found
Refreshing native plugins compatible for Editor in 0.26 ms, found 2 plugins.
Preloading 0 native plugins for Editor in 0.00 ms.
Mono: successfully reloaded assembly
- Completed reload, in  0.762 seconds
Platform modules already initialized, skipping
Refreshing native plugins compatible for Editor in 0.25 ms, found 2 plugins.
Preloading 0 native plugins for Editor in 0.00 ms.
Unloading 1391 Unused Serialized files (Serialized files now loaded: 0)
System memory in use before: 72.8 MB.
System memory in use after: 72.5 MB.

Unloading 15 unused Assets to reduce memory usage. Loaded Objects now: 1878.
Total: 1.686000 ms (FindLiveObjects: 0.124000 ms CreateObjectMapping: 0.038400 ms MarkObjects: 1.262700 ms  DeleteObjects: 0.260000 ms)

AssetImportParameters requested are different than current active one (requested -> active):
  custom:framework-win-MediaFoundation: 216162199b28c13a410421893ffa2e32 -> 
  custom:video-decoder-ogg-theora: a1e56fd34408186e4bbccfd4996cb3dc -> 
  custom:container-muxer-webm: aa71ff27fc2769a1b78a27578f13a17b -> 
  custom:container-demuxer-webm: 4f35f7cbe854078d1ac9338744f61a02 -> 
  custom:container-demuxer-ogg: 62fdf1f143b41e24485cea50d1cbac27 -> 
  custom:video-encoder-webm-vp8: eb34c28f22e8b96e1ab97ce403110664 -> 
  custom:video-codec-MediaFoundation-h265: 746d11721c4dcdbdad8f713fa42b33f4 -> 
  custom:video-decoder-webm-vp8: 9c59270c3fd7afecdb556c50c9e8de78 -> 
  custom:audio-decoder-ogg-vorbis: bf7c407c2cedff20999df2af8eb42d56 -> 
  custom:audio-encoder-webm-vorbis: bf7c407c2cedff20999df2af8eb42d56 -> 
========================================================================
Received Import Request.
  Time since last request: 76.680754 seconds.
  path: Assets/Materials/Paddle.shader
  artifactKey: Guid(612fed3d62f679449ae548e44fbe6abb) Importer(815301076,1909f56bfc062723c751e8b465ee728b)
Start importing Assets/Materials/Paddle.shader using Guid(612fed3d62f679449ae548e44fbe6abb) Importer(815301076,1909f56bfc062723c751e8b465ee728b)  -> (artifact id: '25e6f6ab4a8d29dd9ad6fb4b0db50e46') in 0.011040 seconds 
  Import took 0.014670 seconds .

========================================================================
Received Import Request.
  Time since last request: 408.586855 seconds.
  path: Assets/Materials/Paddle.shader
  artifactKey: Guid(612fed3d62f679449ae548e44fbe6abb) Importer(815301076,1909f56bfc062723c751e8b465ee728b)
Start importing Assets/Materials/Paddle.shader using Guid(612fed3d62f679449ae548e44fbe6abb) Importer(815301076,1909f56bfc062723c751e8b465ee728b)  -> (artifact id: '9ca99fa8b6a76c10bf8e02e690e0eda4') in 0.004014 seconds 
  Import took 0.008033 seconds .

========================================================================
Received Import Request.
  Time since last request: 23.248913 seconds.
  path: Assets/Scripts/PaddleColor.cs
  artifactKey: Guid(411e591c3b162794096cdd55764f183d) Importer(815301076,1909f56bfc062723c751e8b465ee728b)
Start importing Assets/Scripts/PaddleColor.cs using Guid(411e591c3b162794096cdd55764f183d) Importer(815301076,1909f56bfc062723c751e8b465ee728b)  -> (artifact id: '2f0c8e059e414361fd471d4cdf0cef65') in 0.004159 seconds 
  Import took 0.007621 seconds .

========================================================================
Received Prepare
Registering precompiled user dll's ...
Registered in 0.005094 seconds.
Begin MonoManager ReloadAssembly
Native extension for WindowsStandalone target not found
Refreshing native plugins compatible for Editor in 0.27 ms, found 2 plugins.
Preloading 0 native plugins for Editor in 0.00 ms.
Mono: successfully reloaded assembly
- Completed reload, in  0.780 seconds
Platform modules already initialized, skipping
Refreshing native plugins compatible for Editor in 0.25 ms, found 2 plugins.
Preloading 0 native plugins for Editor in 0.00 ms.
Unloading 1392 Unused Serialized files (Serialized files now loaded: 0)
System memory in use before: 72.6 MB.
System memory in use after: 72.5 MB.

Unloading 15 unused Assets to reduce memory usage. Loaded Objects now: 1882.
Total: 1.724400 ms (FindLiveObjects: 0.135200 ms CreateObjectMapping: 0.058200 ms MarkObjects: 1.353100 ms  DeleteObjects: 0.177000 ms)

AssetImportParameters requested are different than current active one (requested -> active):
  custom:framework-win-MediaFoundation: 216162199b28c13a410421893ffa2e32 -> 
  custom:video-decoder-ogg-theora: a1e56fd34408186e4bbccfd4996cb3dc -> 
  custom:container-muxer-webm: aa71ff27fc2769a1b78a27578f13a17b -> 
  custom:container-demuxer-webm: 4f35f7cbe854078d1ac9338744f61a02 -> 
  custom:container-demuxer-ogg: 62fdf1f143b41e24485cea50d1cbac27 -> 
  custom:video-encoder-webm-vp8: eb34c28f22e8b96e1ab97ce403110664 -> 
  custom:video-codec-MediaFoundation-h265: 746d11721c4dcdbdad8f713fa42b33f4 -> 
  custom:video-decoder-webm-vp8: 9c59270c3fd7afecdb556c50c9e8de78 -> 
  custom:audio-decoder-ogg-vorbis: bf7c407c2cedff20999df2af8eb42d56 -> 
  custom:audio-encoder-webm-vorbis: bf7c407c2cedff20999df2af8eb42d56 -> 
========================================================================
Received Prepare
Registering precompiled user dll's ...
Registered in 0.005174 seconds.
Begin MonoManager ReloadAssembly
Native extension for WindowsStandalone target not found
Refreshing native plugins compatible for Editor in 0.25 ms, found 2 plugins.
Preloading 0 native plugins for Editor in 0.00 ms.
Mono: successfully reloaded assembly
- Completed reload, in  0.750 seconds
Platform modules already initialized, skipping
Refreshing native plugins compatible for Editor in 0.26 ms, found 2 plugins.
Preloading 0 native plugins for Editor in 0.00 ms.
Unloading 1392 Unused Serialized files (Serialized files now loaded: 0)
System memory in use before: 72.7 MB.
System memory in use after: 72.5 MB.

Unloading 15 unused Assets to reduce memory usage. Loaded Objects now: 1885.
Total: 1.675200 ms (FindLiveObjects: 0.148700 ms CreateObjectMapping: 0.045000 ms MarkObjects: 1.297300 ms  DeleteObjects: 0.183000 ms)

AssetImportParameters requested are different than current active one (requested -> active):
  custom:framework-win-MediaFoundation: 216162199b28c13a410421893ffa2e32 -> 
  custom:video-decoder-ogg-theora: a1e56fd34408186e4bbccfd4996cb3dc -> 
  custom:container-muxer-webm: aa71ff27fc2769a1b78a27578f13a17b -> 
  custom:container-demuxer-webm: 4f35f7cbe854078d1ac9338744f61a02 -> 
  custom:container-demuxer-ogg: 62fdf1f143b41e24485cea50d1cbac27 -> 
  custom:video-encoder-webm-vp8: eb34c28f22e8b96e1ab97ce403110664 -> 
  custom:video-codec-MediaFoundation-h265: 746d11721c4dcdbdad8f713fa42b33f4 -> 
  custom:video-decoder-webm-vp8: 9c59270c3fd7afecdb556c50c9e8de78 -> 
  custom:audio-decoder-ogg-vorbis: bf7c407c2cedff20999df2af8eb42d56 -> 
  custom:audio-encoder-webm-vorbis: bf7c407c2cedff20999df2af8eb42d56 -> 
========================================================================
Received Import Request.
  Time since last request: 179.716075 seconds.
  path: Assets/Scripts/PaddleColor.cs
  artifactKey: Guid(411e591c3b162794096cdd55764f183d) Importer(815301076,1909f56bfc062723c751e8b465ee728b)
Start importing Assets/Scripts/PaddleColor.cs using Guid(411e591c3b162794096cdd55764f183d) Importer(815301076,1909f56bfc062723c751e8b465ee728b)  -> (artifact id: 'e0f765243e226c66f64eda91b4fde3d6') in 0.004008 seconds 
  Import took 0.007211 seconds .

========================================================================
Received Import Request.
  Time since last request: 16.228745 seconds.
  path: Assets/Scripts/ShaderController.cs
  artifactKey: Guid(411e591c3b162794096cdd55764f183d) Importer(815301076,1909f56bfc062723c751e8b465ee728b)
Start importing Assets/Scripts/ShaderController.cs using Guid(411e591c3b162794096cdd55764f183d) Importer(815301076,1909f56bfc062723c751e8b465ee728b)  -> (artifact id: 'a78fd5c9b194cb09460283c28b9d9c3b') in 0.002435 seconds 
  Import took 0.005791 seconds .

========================================================================
Received Prepare
Registering precompiled user dll's ...
Registered in 0.004992 seconds.
Begin MonoManager ReloadAssembly
Native extension for WindowsStandalone target not found
Refreshing native plugins compatible for Editor in 0.26 ms, found 2 plugins.
Preloading 0 native plugins for Editor in 0.00 ms.
Mono: successfully reloaded assembly
- Completed reload, in  0.728 seconds
Platform modules already initialized, skipping
Refreshing native plugins compatible for Editor in 0.25 ms, found 2 plugins.
Preloading 0 native plugins for Editor in 0.00 ms.
Unloading 1392 Unused Serialized files (Serialized files now loaded: 0)
System memory in use before: 72.7 MB.
System memory in use after: 72.5 MB.

Unloading 15 unused Assets to reduce memory usage. Loaded Objects now: 1888.
Total: 1.628800 ms (FindLiveObjects: 0.122100 ms CreateObjectMapping: 0.036000 ms MarkObjects: 1.291400 ms  DeleteObjects: 0.178500 ms)

AssetImportParameters requested are different than current active one (requested -> active):
  custom:framework-win-MediaFoundation: 216162199b28c13a410421893ffa2e32 -> 
  custom:video-decoder-ogg-theora: a1e56fd34408186e4bbccfd4996cb3dc -> 
  custom:container-muxer-webm: aa71ff27fc2769a1b78a27578f13a17b -> 
  custom:container-demuxer-webm: 4f35f7cbe854078d1ac9338744f61a02 -> 
  custom:container-demuxer-ogg: 62fdf1f143b41e24485cea50d1cbac27 -> 
  custom:video-encoder-webm-vp8: eb34c28f22e8b96e1ab97ce403110664 -> 
  custom:video-codec-MediaFoundation-h265: 746d11721c4dcdbdad8f713fa42b33f4 -> 
  custom:video-decoder-webm-vp8: 9c59270c3fd7afecdb556c50c9e8de78 -> 
  custom:audio-decoder-ogg-vorbis: bf7c407c2cedff20999df2af8eb42d56 -> 
  custom:audio-encoder-webm-vorbis: bf7c407c2cedff20999df2af8eb42d56 -> 
========================================================================
Received Prepare
Registering precompiled user dll's ...
Registered in 0.004753 seconds.
Begin MonoManager ReloadAssembly
Native extension for WindowsStandalone target not found
Refreshing native plugins compatible for Editor in 0.26 ms, found 2 plugins.
Preloading 0 native plugins for Editor in 0.00 ms.
Mono: successfully reloaded assembly
- Completed reload, in  0.726 seconds
Platform modules already initialized, skipping
Refreshing native plugins compatible for Editor in 0.26 ms, found 2 plugins.
Preloading 0 native plugins for Editor in 0.00 ms.
Unloading 1392 Unused Serialized files (Serialized files now loaded: 0)
System memory in use before: 72.9 MB.
System memory in use after: 72.6 MB.

Unloading 15 unused Assets to reduce memory usage. Loaded Objects now: 1891.
Total: 1.742200 ms (FindLiveObjects: 0.120200 ms CreateObjectMapping: 0.038200 ms MarkObjects: 1.279300 ms  DeleteObjects: 0.303600 ms)

AssetImportParameters requested are different than current active one (requested -> active):
  custom:framework-win-MediaFoundation: 216162199b28c13a410421893ffa2e32 -> 
  custom:video-decoder-ogg-theora: a1e56fd34408186e4bbccfd4996cb3dc -> 
  custom:container-muxer-webm: aa71ff27fc2769a1b78a27578f13a17b -> 
  custom:container-demuxer-webm: 4f35f7cbe854078d1ac9338744f61a02 -> 
  custom:container-demuxer-ogg: 62fdf1f143b41e24485cea50d1cbac27 -> 
  custom:video-encoder-webm-vp8: eb34c28f22e8b96e1ab97ce403110664 -> 
  custom:video-codec-MediaFoundation-h265: 746d11721c4dcdbdad8f713fa42b33f4 -> 
  custom:video-decoder-webm-vp8: 9c59270c3fd7afecdb556c50c9e8de78 -> 
  custom:audio-decoder-ogg-vorbis: bf7c407c2cedff20999df2af8eb42d56 -> 
  custom:audio-encoder-webm-vorbis: bf7c407c2cedff20999df2af8eb42d56 -> 
========================================================================
Received Import Request.
  Time since last request: 410.244386 seconds.
  path: Assets/Materials/Paddle2.shader
  artifactKey: Guid(d980649b1c2c9c24384fe0acb51dd4f5) Importer(815301076,1909f56bfc062723c751e8b465ee728b)
Start importing Assets/Materials/Paddle2.shader using Guid(d980649b1c2c9c24384fe0acb51dd4f5) Importer(815301076,1909f56bfc062723c751e8b465ee728b)  -> (artifact id: '0fdd7493d7cc0815cc24de10e60b438f') in 0.014245 seconds 
  Import took 0.018076 seconds .

========================================================================
Received Import Request.
  Time since last request: 466.684089 seconds.
  path: Assets/Materials/Paddle2.shader
  artifactKey: Guid(d980649b1c2c9c24384fe0acb51dd4f5) Importer(815301076,1909f56bfc062723c751e8b465ee728b)
Start importing Assets/Materials/Paddle2.shader using Guid(d980649b1c2c9c24384fe0acb51dd4f5) Importer(815301076,1909f56bfc062723c751e8b465ee728b)  -> (artifact id: '9cea2c518bf26ca89b773a0b15dddf06') in 0.004235 seconds 
  Import took 0.008249 seconds .

========================================================================
Received Import Request.
  Time since last request: 5.491491 seconds.
  path: Assets/Materials/Paddle.shader
  artifactKey: Guid(612fed3d62f679449ae548e44fbe6abb) Importer(815301076,1909f56bfc062723c751e8b465ee728b)
Start importing Assets/Materials/Paddle.shader using Guid(612fed3d62f679449ae548e44fbe6abb) Importer(815301076,1909f56bfc062723c751e8b465ee728b)  -> (artifact id: 'caca1e2c43302f409207321bc66c7caf') in 0.003949 seconds 
  Import took 0.007531 seconds .

========================================================================
Received Import Request.
  Time since last request: 22.935541 seconds.
  path: Assets/Materials/PaddleMat 1.mat
  artifactKey: Guid(f36c01de135ef4f449e5ac66b79d296c) Importer(815301076,1909f56bfc062723c751e8b465ee728b)
Start importing Assets/Materials/PaddleMat 1.mat using Guid(f36c01de135ef4f449e5ac66b79d296c) Importer(815301076,1909f56bfc062723c751e8b465ee728b)  -> (artifact id: '8fd271a45da36fb1eea6d3a99b2b8c05') in 0.048591 seconds 
  Import took 0.051943 seconds .

========================================================================
Received Import Request.
  Time since last request: 9.690218 seconds.
  path: Assets/Materials/PaddleMat 2.mat
  artifactKey: Guid(f36c01de135ef4f449e5ac66b79d296c) Importer(815301076,1909f56bfc062723c751e8b465ee728b)
Start importing Assets/Materials/PaddleMat 2.mat using Guid(f36c01de135ef4f449e5ac66b79d296c) Importer(815301076,1909f56bfc062723c751e8b465ee728b)  -> (artifact id: '91ac15cd4d0a5f87c46dc15d0b21012d') in 0.016192 seconds 
  Import took 0.019554 seconds .

========================================================================
Received Prepare
Registering precompiled user dll's ...
Registered in 0.005006 seconds.
Begin MonoManager ReloadAssembly
Native extension for WindowsStandalone target not found
Refreshing native plugins compatible for Editor in 0.27 ms, found 2 plugins.
Preloading 0 native plugins for Editor in 0.00 ms.
Mono: successfully reloaded assembly
- Completed reload, in  0.754 seconds
Platform modules already initialized, skipping
Refreshing native plugins compatible for Editor in 0.25 ms, found 2 plugins.
Preloading 0 native plugins for Editor in 0.00 ms.
Unloading 1393 Unused Serialized files (Serialized files now loaded: 0)
System memory in use before: 73.3 MB.
System memory in use after: 72.7 MB.

Unloading 16 unused Assets to reduce memory usage. Loaded Objects now: 1895.
Total: 1.918600 ms (FindLiveObjects: 0.150600 ms CreateObjectMapping: 0.042000 ms MarkObjects: 1.286500 ms  DeleteObjects: 0.438600 ms)

AssetImportParameters requested are different than current active one (requested -> active):
  custom:framework-win-MediaFoundation: 216162199b28c13a410421893ffa2e32 -> 
  custom:video-decoder-ogg-theora: a1e56fd34408186e4bbccfd4996cb3dc -> 
  custom:container-muxer-webm: aa71ff27fc2769a1b78a27578f13a17b -> 
  custom:container-demuxer-webm: 4f35f7cbe854078d1ac9338744f61a02 -> 
  custom:container-demuxer-ogg: 62fdf1f143b41e24485cea50d1cbac27 -> 
  custom:video-encoder-webm-vp8: eb34c28f22e8b96e1ab97ce403110664 -> 
  custom:video-codec-MediaFoundation-h265: 746d11721c4dcdbdad8f713fa42b33f4 -> 
  custom:video-decoder-webm-vp8: 9c59270c3fd7afecdb556c50c9e8de78 -> 
  custom:audio-decoder-ogg-vorbis: bf7c407c2cedff20999df2af8eb42d56 -> 
  custom:audio-encoder-webm-vorbis: bf7c407c2cedff20999df2af8eb42d56 -> 
========================================================================
Received Import Request.
  Time since last request: 68.246407 seconds.
  path: Assets/Materials/BallMat.mat
  artifactKey: Guid(b12173488b91dbc45923a87ca08f0639) Importer(815301076,1909f56bfc062723c751e8b465ee728b)
Start importing Assets/Materials/BallMat.mat using Guid(b12173488b91dbc45923a87ca08f0639) Importer(815301076,1909f56bfc062723c751e8b465ee728b)  -> (artifact id: '13393fc04e9328100c360142012f4884') in 0.041194 seconds 
  Import took 0.044550 seconds .

========================================================================
Received Import Request.
  Time since last request: 0.000145 seconds.
  path: Assets/Materials/PaddleMat 2.mat
  artifactKey: Guid(f36c01de135ef4f449e5ac66b79d296c) Importer(815301076,1909f56bfc062723c751e8b465ee728b)
Start importing Assets/Materials/PaddleMat 2.mat using Guid(f36c01de135ef4f449e5ac66b79d296c) Importer(815301076,1909f56bfc062723c751e8b465ee728b)  -> (artifact id: '7898cfa4ed66324ace36e29ebfe938cd') in 0.015527 seconds 
  Import took 0.019113 seconds .

========================================================================
Received Import Request.
  Time since last request: 0.000152 seconds.
  path: Assets/Materials/PaddleMat.mat
  artifactKey: Guid(e44dc7f2f0e21a24282c90f7d0ab3712) Importer(815301076,1909f56bfc062723c751e8b465ee728b)
Start importing Assets/Materials/PaddleMat.mat using Guid(e44dc7f2f0e21a24282c90f7d0ab3712) Importer(815301076,1909f56bfc062723c751e8b465ee728b)  -> (artifact id: 'c2ed0e8aa91625c178bf847b9d48b8f3') in 0.015440 seconds 
  Import took 0.019046 seconds .

AssetImportWorkerClient::OnTransportError - code=2 error=End of file
