Using pre-set license
Built from '2020.3/staging' branch; Version is '2020.3.13f1 (71691879b7f5) revision 7432472'; Using compiler version '192528614'; Build Type 'Release'
OS: 'Windows 10 Pro; OS build 19042.1110; Version 2009; 64bit' Language: 'ja' Physical Memory: 16246 MB
BatchMode: 1, IsHumanControllingUs: 0, StartBugReporterOnCrash: 0, Is64bit: 1, IsPro: 0

 COMMAND LINE ARGUMENTS:
C:\Unity\2020.3.13f1\Editor\Unity.exe
-adb2
-batchMode
-noUpm
-name
AssetImportWorker0
-projectPath
C:/Users/deskt/OneDrive/ドキュメント/GitHub/ScreenTransition/ブロック崩し
-logFile
Logs/AssetImportWorker0.log
-srvPort
49828
Successfully changed project path to: C:/Users/deskt/OneDrive/ドキュメント/GitHub/ScreenTransition/ブロック崩し
C:/Users/deskt/OneDrive/ドキュメント/GitHub/ScreenTransition/ブロック崩し
Using Asset Import Pipeline V2.
Refreshing native plugins compatible for Editor in 23.59 ms, found 2 plugins.
Preloading 0 native plugins for Editor in 0.00 ms.
Initialize engine version: 2020.3.13f1 (71691879b7f5)
[Subsystems] Discovering subsystems at path C:/Unity/2020.3.13f1/Editor/Data/Resources/UnitySubsystems
[Subsystems] Discovering subsystems at path C:/Users/deskt/OneDrive/ドキュメント/GitHub/ScreenTransition/ブロック崩し/Assets
GfxDevice: creating device client; threaded=0
Direct3D:
    Version:  Direct3D 11.0 [level 11.1]
    Renderer: NVIDIA GeForce GTX 1660 SUPER (ID=0x21c4)
    Vendor:   
    VRAM:     5992 MB
    Driver:   27.21.14.6230
Initialize mono
Mono path[0] = 'C:/Unity/2020.3.13f1/Editor/Data/Managed'
Mono path[1] = 'C:/Unity/2020.3.13f1/Editor/Data/MonoBleedingEdge/lib/mono/unityjit'
Mono config path = 'C:/Unity/2020.3.13f1/Editor/Data/MonoBleedingEdge/etc'
Using monoOptions --debugger-agent=transport=dt_socket,embedding=1,server=y,suspend=n,address=127.0.0.1:56276
Begin MonoManager ReloadAssembly
Registering precompiled unity dll's ...
Register platform support module: C:/Unity/2020.3.13f1/Editor/Data/PlaybackEngines/WindowsStandaloneSupport/UnityEditor.WindowsStandalone.Extensions.dll
Registered in 0.002160 seconds.
Native extension for WindowsStandalone target not found
Refreshing native plugins compatible for Editor in 21.61 ms, found 2 plugins.
Preloading 0 native plugins for Editor in 0.00 ms.
Mono: successfully reloaded assembly
- Completed reload, in  0.996 seconds
Platform modules already initialized, skipping
Registering precompiled user dll's ...
Registered in 0.005019 seconds.
Begin MonoManager ReloadAssembly
Native extension for WindowsStandalone target not found
Refreshing native plugins compatible for Editor in 0.26 ms, found 2 plugins.
Preloading 0 native plugins for Editor in 0.00 ms.
Mono: successfully reloaded assembly
- Completed reload, in  0.810 seconds
Platform modules already initialized, skipping
========================================================================
Worker process is ready to serve import requests
Launched and connected shader compiler UnityShaderCompiler.exe after 0.03 seconds
Refreshing native plugins compatible for Editor in 0.27 ms, found 2 plugins.
Preloading 0 native plugins for Editor in 0.00 ms.
Unloading 1398 Unused Serialized files (Serialized files now loaded: 0)
System memory in use before: 69.6 MB.
System memory in use after: 69.6 MB.

Unloading 19 unused Assets to reduce memory usage. Loaded Objects now: 1833.
Total: 1.544500 ms (FindLiveObjects: 0.126600 ms CreateObjectMapping: 0.038900 ms MarkObjects: 1.304900 ms  DeleteObjects: 0.073300 ms)

AssetImportParameters requested are different than current active one (requested -> active):
  custom:framework-win-MediaFoundation: 216162199b28c13a410421893ffa2e32 -> 
  custom:video-decoder-ogg-theora: a1e56fd34408186e4bbccfd4996cb3dc -> 
  custom:container-muxer-webm: aa71ff27fc2769a1b78a27578f13a17b -> 
  custom:container-demuxer-webm: 4f35f7cbe854078d1ac9338744f61a02 -> 
  custom:container-demuxer-ogg: 62fdf1f143b41e24485cea50d1cbac27 -> 
  custom:video-encoder-webm-vp8: eb34c28f22e8b96e1ab97ce403110664 -> 
  custom:video-codec-MediaFoundation-h265: 746d11721c4dcdbdad8f713fa42b33f4 -> 
  custom:video-decoder-webm-vp8: 9c59270c3fd7afecdb556c50c9e8de78 -> 
  custom:audio-decoder-ogg-vorbis: bf7c407c2cedff20999df2af8eb42d56 -> 
  custom:audio-encoder-webm-vorbis: bf7c407c2cedff20999df2af8eb42d56 -> 
========================================================================
Received Import Request.
  path: Assets/Materials/WallBMat.mat
  artifactKey: Guid(539f418c318809b4e82313547144194b) Importer(815301076,1909f56bfc062723c751e8b465ee728b)
Start importing Assets/Materials/WallBMat.mat using Guid(539f418c318809b4e82313547144194b) Importer(815301076,1909f56bfc062723c751e8b465ee728b)  -> (artifact id: '452056a644f29419a08b593fc4db832e') in 0.079116 seconds 
  Import took 0.082219 seconds .

========================================================================
Received Import Request.
  Time since last request: 28.959029 seconds.
  path: Assets/Materials/WallBMat.shader
  artifactKey: Guid(63521f69ee7ae204c8cc608723b59b51) Importer(815301076,1909f56bfc062723c751e8b465ee728b)
Start importing Assets/Materials/WallBMat.shader using Guid(63521f69ee7ae204c8cc608723b59b51) Importer(815301076,1909f56bfc062723c751e8b465ee728b)  -> (artifact id: '99ddd4372451afb731a0cc5e4095eb68') in 0.004853 seconds 
  Import took 0.008518 seconds .

========================================================================
Received Import Request.
  Time since last request: 0.006266 seconds.
  path: Assets/Materials/WallBMat.shader
  artifactKey: Guid(63521f69ee7ae204c8cc608723b59b51) Importer(815301076,1909f56bfc062723c751e8b465ee728b)
Start importing Assets/Materials/WallBMat.shader using Guid(63521f69ee7ae204c8cc608723b59b51) Importer(815301076,1909f56bfc062723c751e8b465ee728b)  -> (artifact id: '99ddd4372451afb731a0cc5e4095eb68') in 0.003780 seconds 
  Import took 0.007456 seconds .

========================================================================
Received Prepare
Registering precompiled user dll's ...
Registered in 0.004736 seconds.
Begin MonoManager ReloadAssembly
Native extension for WindowsStandalone target not found
Refreshing native plugins compatible for Editor in 0.26 ms, found 2 plugins.
Preloading 0 native plugins for Editor in 0.00 ms.
Mono: successfully reloaded assembly
- Completed reload, in  0.760 seconds
Platform modules already initialized, skipping
Refreshing native plugins compatible for Editor in 0.26 ms, found 2 plugins.
Preloading 0 native plugins for Editor in 0.00 ms.
Unloading 1392 Unused Serialized files (Serialized files now loaded: 0)
System memory in use before: 73.0 MB.
System memory in use after: 72.8 MB.

Unloading 15 unused Assets to reduce memory usage. Loaded Objects now: 1876.
Total: 1.637700 ms (FindLiveObjects: 0.128100 ms CreateObjectMapping: 0.040400 ms MarkObjects: 1.279500 ms  DeleteObjects: 0.188600 ms)

AssetImportParameters requested are different than current active one (requested -> active):
  custom:framework-win-MediaFoundation: 216162199b28c13a410421893ffa2e32 -> 
  custom:video-decoder-ogg-theora: a1e56fd34408186e4bbccfd4996cb3dc -> 
  custom:container-muxer-webm: aa71ff27fc2769a1b78a27578f13a17b -> 
  custom:container-demuxer-webm: 4f35f7cbe854078d1ac9338744f61a02 -> 
  custom:container-demuxer-ogg: 62fdf1f143b41e24485cea50d1cbac27 -> 
  custom:video-encoder-webm-vp8: eb34c28f22e8b96e1ab97ce403110664 -> 
  custom:video-codec-MediaFoundation-h265: 746d11721c4dcdbdad8f713fa42b33f4 -> 
  custom:video-decoder-webm-vp8: 9c59270c3fd7afecdb556c50c9e8de78 -> 
  custom:audio-decoder-ogg-vorbis: bf7c407c2cedff20999df2af8eb42d56 -> 
  custom:audio-encoder-webm-vorbis: bf7c407c2cedff20999df2af8eb42d56 -> 
========================================================================
Received Import Request.
  Time since last request: 918.668281 seconds.
  path: Assets/Materials/WallBMat.shader
  artifactKey: Guid(63521f69ee7ae204c8cc608723b59b51) Importer(815301076,1909f56bfc062723c751e8b465ee728b)
Start importing Assets/Materials/WallBMat.shader using Guid(63521f69ee7ae204c8cc608723b59b51) Importer(815301076,1909f56bfc062723c751e8b465ee728b)  -> (artifact id: '031ca86e90f8f44b5655cb5664a71c4e') in 0.010642 seconds 
  Import took 0.014147 seconds .

========================================================================
Received Import Request.
  Time since last request: 274.041947 seconds.
  path: Assets/Materials/WallBMat.shader
  artifactKey: Guid(63521f69ee7ae204c8cc608723b59b51) Importer(815301076,1909f56bfc062723c751e8b465ee728b)
Start importing Assets/Materials/WallBMat.shader using Guid(63521f69ee7ae204c8cc608723b59b51) Importer(815301076,1909f56bfc062723c751e8b465ee728b)  -> (artifact id: '99eaba256d6963a1b00ce666166a94e6') in 0.004110 seconds 
  Import took 0.008190 seconds .

========================================================================
Received Import Request.
  Time since last request: 105.452014 seconds.
  path: Assets/Materials/WallBMat.mat
  artifactKey: Guid(539f418c318809b4e82313547144194b) Importer(815301076,1909f56bfc062723c751e8b465ee728b)
Start importing Assets/Materials/WallBMat.mat using Guid(539f418c318809b4e82313547144194b) Importer(815301076,1909f56bfc062723c751e8b465ee728b)  -> (artifact id: 'aa04733df9f9e69135331cdecfe6f533') in 0.039640 seconds 
  Import took 0.043100 seconds .

AssetImportWorkerClient::OnTransportError - code=2 error=End of file
