Using pre-set license
Built from '2020.3/staging' branch; Version is '2020.3.13f1 (71691879b7f5) revision 7432472'; Using compiler version '192528614'; Build Type 'Release'
OS: 'Windows 10 Pro; OS build 19042.1052; Version 2009; 64bit' Language: 'ja' Physical Memory: 16246 MB
BatchMode: 1, IsHumanControllingUs: 0, StartBugReporterOnCrash: 0, Is64bit: 1, IsPro: 0

 COMMAND LINE ARGUMENTS:
C:\Unity\2020.3.13f1\Editor\Unity.exe
-adb2
-batchMode
-noUpm
-name
AssetImportWorker0
-projectPath
C:/Users/deskt/OneDrive/ドキュメント/GitHub/ScreenTransition/photon intro
-logFile
Logs/AssetImportWorker0.log
-srvPort
51895
Successfully changed project path to: C:/Users/deskt/OneDrive/ドキュメント/GitHub/ScreenTransition/photon intro
C:/Users/deskt/OneDrive/ドキュメント/GitHub/ScreenTransition/photon intro
Using Asset Import Pipeline V2.
Refreshing native plugins compatible for Editor in 28.50 ms, found 2 plugins.
Preloading 0 native plugins for Editor in 0.00 ms.
Initialize engine version: 2020.3.13f1 (71691879b7f5)
[Subsystems] Discovering subsystems at path C:/Unity/2020.3.13f1/Editor/Data/Resources/UnitySubsystems
[Subsystems] Discovering subsystems at path C:/Users/deskt/OneDrive/ドキュメント/GitHub/ScreenTransition/photon intro/Assets
GfxDevice: creating device client; threaded=0
Direct3D:
    Version:  Direct3D 11.0 [level 11.1]
    Renderer: NVIDIA GeForce GTX 1660 SUPER (ID=0x21c4)
    Vendor:   
    VRAM:     5992 MB
    Driver:   27.21.14.6230
Initialize mono
Mono path[0] = 'C:/Unity/2020.3.13f1/Editor/Data/Managed'
Mono path[1] = 'C:/Unity/2020.3.13f1/Editor/Data/MonoBleedingEdge/lib/mono/unityjit'
Mono config path = 'C:/Unity/2020.3.13f1/Editor/Data/MonoBleedingEdge/etc'
Using monoOptions --debugger-agent=transport=dt_socket,embedding=1,server=y,suspend=n,address=127.0.0.1:56896
Begin MonoManager ReloadAssembly
Registering precompiled unity dll's ...
Register platform support module: C:/Unity/2020.3.13f1/Editor/Data/PlaybackEngines/WindowsStandaloneSupport/UnityEditor.WindowsStandalone.Extensions.dll
Registered in 0.002168 seconds.
Native extension for WindowsStandalone target not found
Refreshing native plugins compatible for Editor in 25.61 ms, found 2 plugins.
Preloading 0 native plugins for Editor in 0.00 ms.
Mono: successfully reloaded assembly
- Completed reload, in  1.004 seconds
Platform modules already initialized, skipping
Registering precompiled user dll's ...
Registered in 0.007427 seconds.
Begin MonoManager ReloadAssembly
Native extension for WindowsStandalone target not found
Refreshing native plugins compatible for Editor in 0.32 ms, found 2 plugins.
Preloading 0 native plugins for Editor in 0.00 ms.
Mono: successfully reloaded assembly
- Completed reload, in  0.854 seconds
Platform modules already initialized, skipping
========================================================================
Worker process is ready to serve import requests
Launched and connected shader compiler UnityShaderCompiler.exe after 0.09 seconds
Refreshing native plugins compatible for Editor in 0.34 ms, found 2 plugins.
Preloading 0 native plugins for Editor in 0.00 ms.
Unloading 1615 Unused Serialized files (Serialized files now loaded: 0)
System memory in use before: 76.1 MB.
System memory in use after: 76.1 MB.

Unloading 25 unused Assets to reduce memory usage. Loaded Objects now: 2044.
Total: 2.078600 ms (FindLiveObjects: 0.166500 ms CreateObjectMapping: 0.066200 ms MarkObjects: 1.772800 ms  DeleteObjects: 0.072200 ms)

AssetImportParameters requested are different than current active one (requested -> active):
  custom:framework-win-MediaFoundation: 216162199b28c13a410421893ffa2e32 -> 
  custom:video-decoder-ogg-theora: a1e56fd34408186e4bbccfd4996cb3dc -> 
  custom:container-muxer-webm: aa71ff27fc2769a1b78a27578f13a17b -> 
  custom:container-demuxer-webm: 4f35f7cbe854078d1ac9338744f61a02 -> 
  custom:container-demuxer-ogg: 62fdf1f143b41e24485cea50d1cbac27 -> 
  custom:video-encoder-webm-vp8: eb34c28f22e8b96e1ab97ce403110664 -> 
  custom:video-codec-MediaFoundation-h265: 746d11721c4dcdbdad8f713fa42b33f4 -> 
  custom:video-decoder-webm-vp8: 9c59270c3fd7afecdb556c50c9e8de78 -> 
  custom:audio-decoder-ogg-vorbis: bf7c407c2cedff20999df2af8eb42d56 -> 
  custom:audio-encoder-webm-vorbis: bf7c407c2cedff20999df2af8eb42d56 -> 
========================================================================
Received Import Request.
  path: Assets/Scenes/Room for 1.unity
  artifactKey: Guid(b3b3d4e358912614b82d16bf3b924018) Importer(815301076,1909f56bfc062723c751e8b465ee728b)
Start importing Assets/Scenes/Room for 1.unity using Guid(b3b3d4e358912614b82d16bf3b924018) Importer(815301076,1909f56bfc062723c751e8b465ee728b)  -> (artifact id: '4c3aa4dea9a1e0ae86cbc4abbce2bfe5') in 0.010108 seconds 
  Import took 0.013540 seconds .

========================================================================
Received Import Request.
  Time since last request: 149.642065 seconds.
  path: Assets/Scripts/GameManager.cs
  artifactKey: Guid(0614befa9abf19f419e12c131a54737e) Importer(815301076,1909f56bfc062723c751e8b465ee728b)
Start importing Assets/Scripts/GameManager.cs using Guid(0614befa9abf19f419e12c131a54737e) Importer(815301076,1909f56bfc062723c751e8b465ee728b)  -> (artifact id: '10add7dfcedbd2b56d141c18eddc7185') in 0.018578 seconds 
  Import took 0.022381 seconds .

========================================================================
Received Prepare
Registering precompiled user dll's ...
Registered in 0.006310 seconds.
Begin MonoManager ReloadAssembly
Native extension for WindowsStandalone target not found
Refreshing native plugins compatible for Editor in 0.33 ms, found 2 plugins.
Preloading 0 native plugins for Editor in 0.00 ms.
Mono: successfully reloaded assembly
- Completed reload, in  0.810 seconds
Platform modules already initialized, skipping
Refreshing native plugins compatible for Editor in 0.33 ms, found 2 plugins.
Preloading 0 native plugins for Editor in 0.00 ms.
Unloading 1610 Unused Serialized files (Serialized files now loaded: 0)
System memory in use before: 76.0 MB.
System memory in use after: 76.1 MB.

Unloading 19 unused Assets to reduce memory usage. Loaded Objects now: 2049.
Total: 1.543800 ms (FindLiveObjects: 0.143300 ms CreateObjectMapping: 0.047400 ms MarkObjects: 1.308700 ms  DeleteObjects: 0.043500 ms)

AssetImportParameters requested are different than current active one (requested -> active):
  custom:framework-win-MediaFoundation: 216162199b28c13a410421893ffa2e32 -> 
  custom:video-decoder-ogg-theora: a1e56fd34408186e4bbccfd4996cb3dc -> 
  custom:container-muxer-webm: aa71ff27fc2769a1b78a27578f13a17b -> 
  custom:container-demuxer-webm: 4f35f7cbe854078d1ac9338744f61a02 -> 
  custom:container-demuxer-ogg: 62fdf1f143b41e24485cea50d1cbac27 -> 
  custom:video-encoder-webm-vp8: eb34c28f22e8b96e1ab97ce403110664 -> 
  custom:video-codec-MediaFoundation-h265: 746d11721c4dcdbdad8f713fa42b33f4 -> 
  custom:video-decoder-webm-vp8: 9c59270c3fd7afecdb556c50c9e8de78 -> 
  custom:audio-decoder-ogg-vorbis: bf7c407c2cedff20999df2af8eb42d56 -> 
  custom:audio-encoder-webm-vorbis: bf7c407c2cedff20999df2af8eb42d56 -> 
========================================================================
Received Import Request.
  Time since last request: 61.343037 seconds.
  path: Assets/Scripts/Game Manager.prefab
  artifactKey: Guid(a378f3e6d8001f54a92462a82a754a00) Importer(815301076,1909f56bfc062723c751e8b465ee728b)
Start importing Assets/Scripts/Game Manager.prefab using Guid(a378f3e6d8001f54a92462a82a754a00) Importer(815301076,1909f56bfc062723c751e8b465ee728b)  -> (artifact id: '55aaf60d3d56beb174acc747957f566f') in 0.022239 seconds 
  Import took 0.025961 seconds .

========================================================================
Received Import Request.
  Time since last request: 0.001875 seconds.
  path: Assets/Scripts/Game Manager.prefab
  artifactKey: Guid(a378f3e6d8001f54a92462a82a754a00) Importer(815301076,1909f56bfc062723c751e8b465ee728b)
Start importing Assets/Scripts/Game Manager.prefab using Guid(a378f3e6d8001f54a92462a82a754a00) Importer(815301076,1909f56bfc062723c751e8b465ee728b)  -> (artifact id: '55aaf60d3d56beb174acc747957f566f') in 0.003102 seconds 
  Import took 0.006882 seconds .

========================================================================
Received Import Request.
  Time since last request: 84.869756 seconds.
  path: Assets/Object/Game Manager.prefab
  artifactKey: Guid(ad2bc5335ae7bac408f7366038e5536e) Importer(815301076,1909f56bfc062723c751e8b465ee728b)
Start importing Assets/Object/Game Manager.prefab using Guid(ad2bc5335ae7bac408f7366038e5536e) Importer(815301076,1909f56bfc062723c751e8b465ee728b)  -> (artifact id: 'f95dc0c1b86395fac92013d01f0b2045') in 0.003439 seconds 
  Import took 0.007067 seconds .

========================================================================
Received Import Request.
  Time since last request: 0.002870 seconds.
  path: Assets/Object/Game Manager.prefab
  artifactKey: Guid(ad2bc5335ae7bac408f7366038e5536e) Importer(815301076,1909f56bfc062723c751e8b465ee728b)
Start importing Assets/Object/Game Manager.prefab using Guid(ad2bc5335ae7bac408f7366038e5536e) Importer(815301076,1909f56bfc062723c751e8b465ee728b)  -> (artifact id: 'f95dc0c1b86395fac92013d01f0b2045') in 0.003022 seconds 
  Import took 0.006383 seconds .

========================================================================
Received Prepare
Registering precompiled user dll's ...
Registered in 0.006873 seconds.
Begin MonoManager ReloadAssembly
Native extension for WindowsStandalone target not found
Refreshing native plugins compatible for Editor in 0.33 ms, found 2 plugins.
Preloading 0 native plugins for Editor in 0.00 ms.
Mono: successfully reloaded assembly
- Completed reload, in  0.786 seconds
Platform modules already initialized, skipping
Refreshing native plugins compatible for Editor in 0.32 ms, found 2 plugins.
Preloading 0 native plugins for Editor in 0.00 ms.
Unloading 1610 Unused Serialized files (Serialized files now loaded: 0)
System memory in use before: 76.0 MB.
System memory in use after: 76.1 MB.

Unloading 19 unused Assets to reduce memory usage. Loaded Objects now: 2053.
Total: 1.556700 ms (FindLiveObjects: 0.131900 ms CreateObjectMapping: 0.044200 ms MarkObjects: 1.339300 ms  DeleteObjects: 0.040600 ms)

AssetImportParameters requested are different than current active one (requested -> active):
  custom:framework-win-MediaFoundation: 216162199b28c13a410421893ffa2e32 -> 
  custom:video-decoder-ogg-theora: a1e56fd34408186e4bbccfd4996cb3dc -> 
  custom:container-muxer-webm: aa71ff27fc2769a1b78a27578f13a17b -> 
  custom:container-demuxer-webm: 4f35f7cbe854078d1ac9338744f61a02 -> 
  custom:container-demuxer-ogg: 62fdf1f143b41e24485cea50d1cbac27 -> 
  custom:video-encoder-webm-vp8: eb34c28f22e8b96e1ab97ce403110664 -> 
  custom:video-codec-MediaFoundation-h265: 746d11721c4dcdbdad8f713fa42b33f4 -> 
  custom:video-decoder-webm-vp8: 9c59270c3fd7afecdb556c50c9e8de78 -> 
  custom:audio-decoder-ogg-vorbis: bf7c407c2cedff20999df2af8eb42d56 -> 
  custom:audio-encoder-webm-vorbis: bf7c407c2cedff20999df2af8eb42d56 -> 
========================================================================
Received Import Request.
  Time since last request: 368.599154 seconds.
  path: Assets/Scripts/GameManager.cs
  artifactKey: Guid(0614befa9abf19f419e12c131a54737e) Importer(815301076,1909f56bfc062723c751e8b465ee728b)
Start importing Assets/Scripts/GameManager.cs using Guid(0614befa9abf19f419e12c131a54737e) Importer(815301076,1909f56bfc062723c751e8b465ee728b)  -> (artifact id: '05715bb48fae0eb711ce43d4887d6095') in 0.004028 seconds 
  Import took 0.007460 seconds .

========================================================================
Received Import Request.
  Time since last request: 128.809484 seconds.
  path: Assets/Object/Game Manager.prefab
  artifactKey: Guid(ad2bc5335ae7bac408f7366038e5536e) Importer(815301076,1909f56bfc062723c751e8b465ee728b)
Start importing Assets/Object/Game Manager.prefab using Guid(ad2bc5335ae7bac408f7366038e5536e) Importer(815301076,1909f56bfc062723c751e8b465ee728b)  -> (artifact id: '0fb5190493bf66236e24bfd838d59e35') in 0.018136 seconds 
  Import took 0.021865 seconds .

========================================================================
Received Import Request.
  Time since last request: 0.006834 seconds.
  path: Assets/Object/Game Manager.prefab
  artifactKey: Guid(ad2bc5335ae7bac408f7366038e5536e) Importer(815301076,1909f56bfc062723c751e8b465ee728b)
Start importing Assets/Object/Game Manager.prefab using Guid(ad2bc5335ae7bac408f7366038e5536e) Importer(815301076,1909f56bfc062723c751e8b465ee728b)  -> (artifact id: '0fb5190493bf66236e24bfd838d59e35') in 0.003008 seconds 
  Import took 0.006492 seconds .

========================================================================
Received Import Request.
  Time since last request: 11.395403 seconds.
  path: Assets/Scenes/Launcher.unity
  artifactKey: Guid(c40ff575f440aff47a112eb5bca7dea2) Importer(815301076,1909f56bfc062723c751e8b465ee728b)
Start importing Assets/Scenes/Launcher.unity using Guid(c40ff575f440aff47a112eb5bca7dea2) Importer(815301076,1909f56bfc062723c751e8b465ee728b)  -> (artifact id: 'a2d0f8d94dd5af65bb90c0a6de6e4961') in 0.002635 seconds 
  Import took 0.006366 seconds .

========================================================================
Received Import Request.
  Time since last request: 0.003805 seconds.
  path: Assets/Scenes/Launcher.unity
  artifactKey: Guid(c40ff575f440aff47a112eb5bca7dea2) Importer(815301076,1909f56bfc062723c751e8b465ee728b)
Start importing Assets/Scenes/Launcher.unity using Guid(c40ff575f440aff47a112eb5bca7dea2) Importer(815301076,1909f56bfc062723c751e8b465ee728b)  -> (artifact id: 'a2d0f8d94dd5af65bb90c0a6de6e4961') in 0.002199 seconds 
  Import took 0.005633 seconds .

========================================================================
Received Import Request.
  Time since last request: 4.612266 seconds.
  path: Assets/Scenes/Room for 1.unity
  artifactKey: Guid(b3b3d4e358912614b82d16bf3b924018) Importer(815301076,1909f56bfc062723c751e8b465ee728b)
Start importing Assets/Scenes/Room for 1.unity using Guid(b3b3d4e358912614b82d16bf3b924018) Importer(815301076,1909f56bfc062723c751e8b465ee728b)  -> (artifact id: '9a6b583d1f1c85d5c7e374431c32ea08') in 0.002217 seconds 
  Import took 0.005793 seconds .

========================================================================
Received Import Request.
  Time since last request: 1.592510 seconds.
  path: Assets/Scenes/SampleScene.unity
  artifactKey: Guid(9fc0d4010bbf28b4594072e72b8655ab) Importer(815301076,1909f56bfc062723c751e8b465ee728b)
Start importing Assets/Scenes/SampleScene.unity using Guid(9fc0d4010bbf28b4594072e72b8655ab) Importer(815301076,1909f56bfc062723c751e8b465ee728b)  -> (artifact id: '85059f4f9e1a832ed95adaa0d25c5c4c') in 0.002695 seconds 
  Import took 0.006307 seconds .

AssetImportWorkerClient::OnTransportError - code=2 error=End of file
